02-02-2024 15:08:59.595 [35m[background-preinit][0;39m
				[34mINFO [0;39m o.h.validator.internal.util.Version - 21 - HV000001: Hibernate Validator 8.0.1.Final
02-02-2024 15:08:59.645 [35m[restartedMain][0;39m
				[34mINFO [0;39m c.e.b.SpringBootJwtSecurityApplication - 51 - Starting SpringBootJwtSecurityApplication using Java 17.0.8.1 with PID 465107 (/home/jaspal/practice/microservices/regulatory-management/CustCommerceAuthSvcNoSecurity/target/classes started by jaspal in /home/jaspal/practice/microservices/regulatory-management/CustCommerceAuthSvcNoSecurity)
02-02-2024 15:08:59.646 [35m[restartedMain][0;39m
				[34mINFO [0;39m c.e.b.SpringBootJwtSecurityApplication - 643 - The following 1 profile is active: "nondocker"
02-02-2024 15:08:59.701 [35m[restartedMain][0;39m
				[34mINFO [0;39m o.s.b.d.e.DevToolsPropertyDefaultsPostProcessor - 250 - Devtools property defaults active! Set 'spring.devtools.add-properties' to 'false' to disable
02-02-2024 15:08:59.702 [35m[restartedMain][0;39m
				[34mINFO [0;39m o.s.b.d.e.DevToolsPropertyDefaultsPostProcessor - 250 - For additional web related logging consider setting the 'logging.level.web' property to 'DEBUG'
02-02-2024 15:09:00.694 [35m[restartedMain][0;39m
				[34mINFO [0;39m o.s.d.r.c.RepositoryConfigurationDelegate - 138 - Bootstrapping Spring Data JPA repositories in DEFAULT mode.
02-02-2024 15:09:00.743 [35m[restartedMain][0;39m
				[34mINFO [0;39m o.s.d.r.c.RepositoryConfigurationDelegate - 208 - Finished Spring Data repository scanning in 41 ms. Found 1 JPA repository interfaces.
02-02-2024 15:09:01.275 [35m[restartedMain][0;39m
				[34mINFO [0;39m o.s.b.w.e.tomcat.TomcatWebServer - 108 - Tomcat initialized with port(s): 9099 (http)
02-02-2024 15:09:01.282 [35m[restartedMain][0;39m
				[34mINFO [0;39m o.a.coyote.http11.Http11NioProtocol - 173 - Initializing ProtocolHandler ["http-nio-9099"]
02-02-2024 15:09:01.284 [35m[restartedMain][0;39m
				[34mINFO [0;39m o.a.catalina.core.StandardService - 173 - Starting service [Tomcat]
02-02-2024 15:09:01.284 [35m[restartedMain][0;39m
				[34mINFO [0;39m o.a.catalina.core.StandardEngine - 173 - Starting Servlet engine: [Apache Tomcat/10.1.13]
02-02-2024 15:09:01.343 [35m[restartedMain][0;39m
				[34mINFO [0;39m o.a.c.c.C.[Tomcat].[localhost].[/] - 173 - Initializing Spring embedded WebApplicationContext
02-02-2024 15:09:01.344 [35m[restartedMain][0;39m
				[34mINFO [0;39m o.s.b.w.s.c.ServletWebServerApplicationContext - 291 - Root WebApplicationContext: initialization completed in 1642 ms
02-02-2024 15:09:01.594 [35m[restartedMain][0;39m
				[34mINFO [0;39m o.h.jpa.internal.util.LogHelper - 31 - HHH000204: Processing PersistenceUnitInfo [name: default]
02-02-2024 15:09:01.651 [35m[restartedMain][0;39m
				[34mINFO [0;39m org.hibernate.Version - 44 - HHH000412: Hibernate ORM core version 6.2.9.Final
02-02-2024 15:09:01.653 [35m[restartedMain][0;39m
				[34mINFO [0;39m org.hibernate.cfg.Environment - 191 - HHH000406: Using bytecode reflection optimizer
02-02-2024 15:09:01.792 [35m[restartedMain][0;39m
				[34mINFO [0;39m o.h.b.i.BytecodeProviderInitiator - 53 - HHH000021: Bytecode provider name : bytebuddy
02-02-2024 15:09:01.923 [35m[restartedMain][0;39m
				[34mINFO [0;39m o.s.o.j.p.SpringPersistenceUnitInfo - 87 - No LoadTimeWeaver setup: ignoring JPA class transformer
02-02-2024 15:09:01.942 [35m[restartedMain][0;39m
				[34mINFO [0;39m com.zaxxer.hikari.HikariDataSource - 110 - HikariPool-1 - Starting...
02-02-2024 15:09:02.234 [35m[restartedMain][0;39m
				[34mINFO [0;39m com.zaxxer.hikari.pool.HikariPool - 565 - HikariPool-1 - Added connection com.mysql.cj.jdbc.ConnectionImpl@ae4e01a
02-02-2024 15:09:02.236 [35m[restartedMain][0;39m
				[34mINFO [0;39m com.zaxxer.hikari.HikariDataSource - 123 - HikariPool-1 - Start completed.
02-02-2024 15:09:02.556 [35m[restartedMain][0;39m
				[34mINFO [0;39m o.h.b.i.BytecodeProviderInitiator - 53 - HHH000021: Bytecode provider name : bytebuddy
02-02-2024 15:09:03.235 [35m[restartedMain][0;39m
				[34mINFO [0;39m o.h.e.t.j.p.i.JtaPlatformInitiator - 51 - HHH000490: Using JtaPlatform implementation: [org.hibernate.engine.transaction.jta.platform.internal.NoJtaPlatform]
02-02-2024 15:09:03.238 [35m[restartedMain][0;39m
				[34mINFO [0;39m o.s.o.j.LocalContainerEntityManagerFactoryBean - 437 - Initialized JPA EntityManagerFactory for persistence unit 'default'
02-02-2024 15:09:03.742 [35m[restartedMain][0;39m
				[31mWARN [0;39m o.s.b.a.o.j.JpaBaseConfiguration$JpaWebConfiguration - 231 - spring.jpa.open-in-view is enabled by default. Therefore, database queries may be performed during view rendering. Explicitly configure spring.jpa.open-in-view to disable this warning
02-02-2024 15:09:04.938 [35m[restartedMain][0;39m
				[34mINFO [0;39m o.s.b.d.a.OptionalLiveReloadServer - 59 - LiveReload server is running on port 35729
02-02-2024 15:09:04.947 [35m[restartedMain][0;39m
				[34mINFO [0;39m o.s.b.a.e.web.EndpointLinksResolver - 58 - Exposing 1 endpoint(s) beneath base path '/actuator'
02-02-2024 15:09:05.042 [35m[restartedMain][0;39m
				[34mINFO [0;39m o.a.coyote.http11.Http11NioProtocol - 173 - Starting ProtocolHandler ["http-nio-9099"]
02-02-2024 15:09:05.084 [35m[restartedMain][0;39m
				[34mINFO [0;39m o.s.b.w.e.tomcat.TomcatWebServer - 220 - Tomcat started on port(s): 9099 (http) with context path ''
02-02-2024 15:09:05.109 [35m[restartedMain][0;39m
				[34mINFO [0;39m c.e.b.SpringBootJwtSecurityApplication - 57 - Started SpringBootJwtSecurityApplication in 5.822 seconds (process running for 6.942)
02-02-2024 15:09:05.801 [35m[RMI TCP Connection(3)-127.0.0.1][0;39m
				[34mINFO [0;39m o.a.c.c.C.[Tomcat].[localhost].[/] - 173 - Initializing Spring DispatcherServlet 'dispatcherServlet'
02-02-2024 15:09:05.801 [35m[RMI TCP Connection(3)-127.0.0.1][0;39m
				[34mINFO [0;39m o.s.web.servlet.DispatcherServlet - 532 - Initializing Servlet 'dispatcherServlet'
02-02-2024 15:09:05.804 [35m[RMI TCP Connection(3)-127.0.0.1][0;39m
				[34mINFO [0;39m o.s.web.servlet.DispatcherServlet - 554 - Completed initialization in 2 ms
02-02-2024 15:09:08.317 [35m[http-nio-9099-exec-1][0;39m
				[34mINFO [0;39m c.e.b.filters.ReqResLoggingFilter - 31 - Logging Request  GET : /swagger-ui.html
02-02-2024 15:09:08.376 [35m[http-nio-9099-exec-1][0;39m
				[34mINFO [0;39m c.e.b.filters.ReqResLoggingFilter - 33 - Logging Response :null
02-02-2024 15:09:08.388 [35m[http-nio-9099-exec-2][0;39m
				[34mINFO [0;39m c.e.b.filters.ReqResLoggingFilter - 31 - Logging Request  GET : /swagger-ui/swagger-ui-bundle.js
02-02-2024 15:09:08.388 [35m[http-nio-9099-exec-3][0;39m
				[34mINFO [0;39m c.e.b.filters.ReqResLoggingFilter - 31 - Logging Request  GET : /swagger-ui/swagger-ui.css
02-02-2024 15:09:08.393 [35m[http-nio-9099-exec-5][0;39m
				[34mINFO [0;39m c.e.b.filters.ReqResLoggingFilter - 31 - Logging Request  GET : /swagger-ui/swagger-ui-standalone-preset.js
02-02-2024 15:09:08.402 [35m[http-nio-9099-exec-3][0;39m
				[34mINFO [0;39m c.e.b.filters.ReqResLoggingFilter - 33 - Logging Response :text/css
02-02-2024 15:09:08.405 [35m[http-nio-9099-exec-5][0;39m
				[34mINFO [0;39m c.e.b.filters.ReqResLoggingFilter - 33 - Logging Response :text/javascript
02-02-2024 15:09:08.414 [35m[http-nio-9099-exec-2][0;39m
				[34mINFO [0;39m c.e.b.filters.ReqResLoggingFilter - 33 - Logging Response :text/javascript
02-02-2024 15:09:08.555 [35m[http-nio-9099-exec-4][0;39m
				[34mINFO [0;39m c.e.b.filters.ReqResLoggingFilter - 31 - Logging Request  GET : /swagger-ui/swagger-initializer.js
02-02-2024 15:09:08.578 [35m[http-nio-9099-exec-4][0;39m
				[34mINFO [0;39m c.e.b.filters.ReqResLoggingFilter - 33 - Logging Response :text/javascript
02-02-2024 15:09:08.753 [35m[http-nio-9099-exec-6][0;39m
				[34mINFO [0;39m c.e.b.filters.ReqResLoggingFilter - 31 - Logging Request  GET : /v3/api-docs/swagger-config
02-02-2024 15:09:08.760 [35m[http-nio-9099-exec-6][0;39m
				[34mINFO [0;39m c.e.b.filters.ReqResLoggingFilter - 33 - Logging Response :application/json
02-02-2024 15:09:08.786 [35m[http-nio-9099-exec-7][0;39m
				[34mINFO [0;39m c.e.b.filters.ReqResLoggingFilter - 31 - Logging Request  GET : /v3/api-docs
02-02-2024 15:09:09.062 [35m[http-nio-9099-exec-7][0;39m
				[34mINFO [0;39m o.s.api.AbstractOpenApiResource - 401 - Init duration for springdoc-openapi is: 264 ms
02-02-2024 15:09:09.078 [35m[http-nio-9099-exec-7][0;39m
				[34mINFO [0;39m c.e.b.filters.ReqResLoggingFilter - 33 - Logging Response :application/json
02-02-2024 15:09:17.093 [35m[http-nio-9099-exec-8][0;39m
				[34mINFO [0;39m c.e.b.filters.ReqResLoggingFilter - 31 - Logging Request  GET : /v3/api-docs
02-02-2024 15:09:17.123 [35m[http-nio-9099-exec-8][0;39m
				[34mINFO [0;39m c.e.b.filters.ReqResLoggingFilter - 33 - Logging Response :application/json
02-02-2024 15:09:19.588 [35m[http-nio-9099-exec-9][0;39m
				[34mINFO [0;39m c.e.b.filters.ReqResLoggingFilter - 31 - Logging Request  GET : /v3/api-docs
02-02-2024 15:09:19.596 [35m[http-nio-9099-exec-9][0;39m
				[34mINFO [0;39m c.e.b.filters.ReqResLoggingFilter - 33 - Logging Response :application/json
02-02-2024 15:09:19.803 [35m[http-nio-9099-exec-10][0;39m
				[34mINFO [0;39m c.e.b.filters.ReqResLoggingFilter - 31 - Logging Request  GET : /favicon.ico
02-02-2024 15:09:19.807 [35m[http-nio-9099-exec-10][0;39m
				[34mINFO [0;39m c.e.b.filters.ReqResLoggingFilter - 33 - Logging Response :null
02-02-2024 15:13:32.808 [35m[http-nio-9099-exec-2][0;39m
				[34mINFO [0;39m c.e.b.filters.ReqResLoggingFilter - 31 - Logging Request  GET : /swagger-ui/swagger-ui-bundle.js.map
02-02-2024 15:13:32.808 [35m[http-nio-9099-exec-4][0;39m
				[34mINFO [0;39m c.e.b.filters.ReqResLoggingFilter - 31 - Logging Request  GET : /swagger-ui/swagger-ui-standalone-preset.js.map
02-02-2024 15:13:32.824 [35m[http-nio-9099-exec-6][0;39m
				[34mINFO [0;39m c.e.b.filters.ReqResLoggingFilter - 31 - Logging Request  GET : /swagger-ui/swagger-ui.css.map
02-02-2024 15:13:32.833 [35m[http-nio-9099-exec-6][0;39m
				[34mINFO [0;39m c.e.b.filters.ReqResLoggingFilter - 33 - Logging Response :application/octet-stream
02-02-2024 15:13:32.835 [35m[http-nio-9099-exec-4][0;39m
				[34mINFO [0;39m c.e.b.filters.ReqResLoggingFilter - 33 - Logging Response :application/octet-stream
02-02-2024 15:13:32.846 [35m[http-nio-9099-exec-2][0;39m
				[34mINFO [0;39m c.e.b.filters.ReqResLoggingFilter - 33 - Logging Response :application/octet-stream
02-02-2024 15:13:34.532 [35m[http-nio-9099-exec-7][0;39m
				[34mINFO [0;39m c.e.b.filters.ReqResLoggingFilter - 31 - Logging Request  GET : /swagger-ui/index.html
02-02-2024 15:13:34.541 [35m[http-nio-9099-exec-7][0;39m
				[34mINFO [0;39m c.e.b.filters.ReqResLoggingFilter - 33 - Logging Response :null
02-02-2024 15:13:34.567 [35m[http-nio-9099-exec-8][0;39m
				[34mINFO [0;39m c.e.b.filters.ReqResLoggingFilter - 31 - Logging Request  GET : /swagger-ui/swagger-initializer.js
02-02-2024 15:13:34.570 [35m[http-nio-9099-exec-8][0;39m
				[34mINFO [0;39m c.e.b.filters.ReqResLoggingFilter - 33 - Logging Response :text/javascript
02-02-2024 15:13:34.959 [35m[http-nio-9099-exec-9][0;39m
				[34mINFO [0;39m c.e.b.filters.ReqResLoggingFilter - 31 - Logging Request  GET : /v3/api-docs/swagger-config
02-02-2024 15:13:34.962 [35m[http-nio-9099-exec-9][0;39m
				[34mINFO [0;39m c.e.b.filters.ReqResLoggingFilter - 33 - Logging Response :application/json
02-02-2024 15:13:34.990 [35m[http-nio-9099-exec-10][0;39m
				[34mINFO [0;39m c.e.b.filters.ReqResLoggingFilter - 31 - Logging Request  GET : /v3/api-docs
02-02-2024 15:13:34.997 [35m[http-nio-9099-exec-10][0;39m
				[34mINFO [0;39m c.e.b.filters.ReqResLoggingFilter - 33 - Logging Response :application/json
02-02-2024 15:14:19.928 [35m[http-nio-9099-exec-3][0;39m
				[34mINFO [0;39m c.e.b.filters.ReqResLoggingFilter - 31 - Logging Request  GET : /swagger-ui/v3/api-docs/swagger-config
02-02-2024 15:14:19.932 [35m[http-nio-9099-exec-3][0;39m
				[34mINFO [0;39m c.e.b.filters.ReqResLoggingFilter - 33 - Logging Response :null
02-02-2024 15:14:31.805 [35m[http-nio-9099-exec-1][0;39m
				[34mINFO [0;39m c.e.b.filters.ReqResLoggingFilter - 31 - Logging Request  GET : /v3/api-docs/swagger-config
02-02-2024 15:14:31.812 [35m[http-nio-9099-exec-1][0;39m
				[34mINFO [0;39m c.e.b.filters.ReqResLoggingFilter - 33 - Logging Response :application/json
02-02-2024 15:15:12.164 [35m[http-nio-9099-exec-4][0;39m
				[34mINFO [0;39m c.e.b.filters.ReqResLoggingFilter - 31 - Logging Request  GET : /v3/api-docs
02-02-2024 15:15:12.177 [35m[http-nio-9099-exec-4][0;39m
				[34mINFO [0;39m c.e.b.filters.ReqResLoggingFilter - 33 - Logging Response :application/json
02-02-2024 16:00:29.035 [35m[RMI TCP Connection(58)-127.0.0.1][0;39m
				[34mINFO [0;39m o.s.b.a.SpringApplicationAdminMXBeanRegistrar$SpringApplicationAdmin - 159 - Application shutdown requested.
02-02-2024 16:00:29.039 [35m[RMI TCP Connection(58)-127.0.0.1][0;39m
				[34mINFO [0;39m o.a.coyote.http11.Http11NioProtocol - 173 - Pausing ProtocolHandler ["http-nio-9099"]
02-02-2024 16:00:29.040 [35m[RMI TCP Connection(58)-127.0.0.1][0;39m
				[34mINFO [0;39m o.a.catalina.core.StandardService - 173 - Stopping service [Tomcat]
02-02-2024 16:00:29.041 [35m[RMI TCP Connection(58)-127.0.0.1][0;39m
				[34mINFO [0;39m o.a.c.c.C.[Tomcat].[localhost].[/] - 173 - Destroying Spring FrameworkServlet 'dispatcherServlet'
02-02-2024 16:00:29.044 [35m[RMI TCP Connection(58)-127.0.0.1][0;39m
				[34mINFO [0;39m o.a.coyote.http11.Http11NioProtocol - 173 - Stopping ProtocolHandler ["http-nio-9099"]
02-02-2024 16:00:29.052 [35m[RMI TCP Connection(58)-127.0.0.1][0;39m
				[34mINFO [0;39m o.s.o.j.LocalContainerEntityManagerFactoryBean - 650 - Closing JPA EntityManagerFactory for persistence unit 'default'
02-02-2024 16:00:29.057 [35m[RMI TCP Connection(58)-127.0.0.1][0;39m
				[34mINFO [0;39m com.zaxxer.hikari.HikariDataSource - 350 - HikariPool-1 - Shutdown initiated...
02-02-2024 16:00:29.065 [35m[RMI TCP Connection(58)-127.0.0.1][0;39m
				[34mINFO [0;39m com.zaxxer.hikari.HikariDataSource - 352 - HikariPool-1 - Shutdown completed.
